<?xml version="1.0" encoding="UTF-8"?>
<!-- Generated by org.testng.reporters.JUnitXMLReporter -->
<testsuite hostname="RnF-50" name="Login" tests="1" failures="0" timestamp="17 Sep 2014 13:35:49 GMT" time="0.088" errors="0">
  <testcase name="@BeforeTest launchBrowser" time="0.0" classname="webDriverTest.TestWebDriver">
    <failure type="java.lang.IllegalStateException" message="The driver executable does not exist: C:\Users\RNF-USER-05\Desktop\Ayaz\set up\drivers\chromedriver_win32\chromedriver.exe">
      <![CDATA[java.lang.IllegalStateException: The driver executable does not exist: C:\Users\RNF-USER-05\Desktop\Ayaz\set up\drivers\chromedriver_win32\chromedriver.exe
	at com.google.common.base.Preconditions.checkState(Preconditions.java:177)
	at org.openqa.selenium.remote.service.DriverService.checkExecutable(DriverService.java:117)
	at org.openqa.selenium.remote.service.DriverService.findExecutable(DriverService.java:112)
	at org.openqa.selenium.chrome.ChromeDriverService.createDefaultService(ChromeDriverService.java:89)
	at org.openqa.selenium.chrome.ChromeDriver.<init>(ChromeDriver.java:106)
	at browser.LaunchCloseBrowser.launchBrowser(LaunchCloseBrowser.java:33)
	at java.util.concurrent.FutureTask.run(Unknown Source)
	at java.util.concurrent.ThreadPoolExecutor.runWorker(Unknown Source)
	at java.util.concurrent.ThreadPoolExecutor$Worker.run(Unknown Source)
	at java.lang.Thread.run(Unknown Source)
... Removed 14 stack frames]]>
    </failure>
  </testcase> <!-- @BeforeTest launchBrowser -->
  <testcase name="@AfterTest closeBrowser" time="0.0" classname="webDriverTest.TestWebDriver">
    <skipped/>
  </testcase> <!-- @AfterTest closeBrowser -->
  <testcase name="atTest" time="0.0" classname="webDriverTest.TestWebDriver">
    <skipped/>
  </testcase> <!-- atTest -->
</testsuite> <!-- Login -->
